#
# There is insufficient memory for the Java Runtime Environment to continue.
# Native memory allocation (mmap) failed to map 266338304 bytes for G1 virtual space
# Possible reasons:
#   The system is out of physical RAM or swap space
#   The process is running with CompressedOops enabled, and the Java Heap may be blocking the growth of the native heap
# Possible solutions:
#   Reduce memory load on the system
#   Increase physical memory or swap space
#   Check if swap backing store is full
#   Decrease Java heap size (-Xmx/-Xms)
#   Decrease number of Java threads
#   Decrease Java thread stack sizes (-Xss)
#   Set larger code cache with -XX:ReservedCodeCacheSize=
#   JVM is running with Zero Based Compressed Oops mode in which the Java heap is
#     placed in the first 32GB address space. The Java Heap base address is the
#     maximum limit for the native heap growth. Please use -XX:HeapBaseMinAddress
#     to set the Java Heap base and to place the Java Heap above 32GB virtual address.
# This output file may be truncated or incomplete.
#
#  Out of Memory Error (os_windows.cpp:3825), pid=3308, tid=69248
#
# JRE version:  (17.0.10) (build )
# Java VM: OpenJDK 64-Bit Server VM (17.0.10+0--11609105, mixed mode, sharing, tiered, compressed oops, compressed class ptrs, g1 gc, windows-amd64)
# No core dump will be written. Minidumps are not enabled by default on client versions of Windows
#

---------------  S U M M A R Y ------------

Command Line: org.jetbrains.kotlin.cli.jvm.K2JVMCompiler @E:\Android_tiange\cameraXapp\app\build\20250430_17422001716176459373.compiler.options

Host: Intel(R) Core(TM) i5-10210U CPU @ 1.60GHz, 8 cores, 15G,  Windows 11 , 64 bit Build 22621 (10.0.22621.5124)
Time: Wed Apr 30 09:57:48 2025  Windows 11 , 64 bit Build 22621 (10.0.22621.5124) elapsed time: 0.062471 seconds (0d 0h 0m 0s)

---------------  T H R E A D  ---------------

Current thread (0x000001f4ff9be780):  JavaThread "Unknown thread" [_thread_in_vm, id=69248, stack(0x00000019b4300000,0x00000019b4400000)]

Stack: [0x00000019b4300000,0x00000019b4400000]
Native frames: (J=compiled Java code, j=interpreted, Vv=VM code, C=native code)
V  [jvm.dll+0x688de9]
V  [jvm.dll+0x8423da]
V  [jvm.dll+0x84401e]
V  [jvm.dll+0x844683]
V  [jvm.dll+0x24be0f]
V  [jvm.dll+0x685bb9]
V  [jvm.dll+0x67a46a]
V  [jvm.dll+0x30cbab]
V  [jvm.dll+0x314056]
V  [jvm.dll+0x363dce]
V  [jvm.dll+0x363fff]
V  [jvm.dll+0x2e2978]
V  [jvm.dll+0x2e38e4]
V  [jvm.dll+0x812f71]
V  [jvm.dll+0x371c81]
V  [jvm.dll+0x7f1ac6]
V  [jvm.dll+0x3f58df]
V  [jvm.dll+0x3f7511]
C  [jli.dll+0x528f]
C  [ucrtbase.dll+0x29333]
C  [KERNEL32.DLL+0x1259d]
C  [ntdll.dll+0x5af38]


---------------  P R O C E S S  ---------------

Threads class SMR info:
_java_thread_list=0x00007ffcc880ef58, length=0, elements={
}

Java Threads: ( => current thread )

Other Threads:
  0x000001f481ccad60 GCTaskThread "GC Thread#0" [stack: 0x00000019b4400000,0x00000019b4500000] [id=8372]
  0x000001f481cdba30 ConcurrentGCThread "G1 Main Marker" [stack: 0x00000019b4500000,0x00000019b4600000] [id=65936]
  0x000001f481cdc450 ConcurrentGCThread "G1 Conc#0" [stack: 0x00000019b4600000,0x00000019b4700000] [id=68532]

[error occurred during error reporting (printing all threads), id 0xc0000005, EXCEPTION_ACCESS_VIOLATION (0xc0000005) at pc=0x00007ffcc7fc3547]

VM state: not at safepoint (not fully initialized)

VM Mutex/Monitor currently owned by a thread:  ([mutex/lock_event])
[0x000001f4ff9bb8f0] Heap_lock - owner thread: 0x000001f4ff9be780

Heap address: 0x0000000702800000, size: 4056 MB, Compressed Oops mode: Zero based, Oop shift amount: 3

CDS archive(s) mapped at: [0x0000000000000000-0x0000000000000000-0x0000000000000000), size 0, SharedBaseAddress: 0x0000000800000000, ArchiveRelocationMode: 1.
Narrow klass base: 0x0000000000000000, Narrow klass shift: 0, Narrow klass range: 0x0

GC Precious Log:
<Empty>

Heap:
 garbage-first heap   total 0K, used 0K [0x0000000702800000, 0x0000000800000000)
  region size 2048K, 0 young (0K), 0 survivors (0K)
 Metaspace       used 0K, committed 0K, reserved 0K
  class space    used 0K, committed 0K, reserved 0K

Heap Regions: E=young(eden), S=young(survivor), O=old, HS=humongous(starts), HC=humongous(continues), CS=collection set, F=free, OA=open archive, CA=closed archive, TAMS=top-at-mark-start (previous, next)

Card table byte_map: [0x000001f494c50000,0x000001f495440000] _byte_map_base: 0x000001f49143c000

Marking Bits (Prev, Next): (CMBitMap*) 0x000001f481ccb380, (CMBitMap*) 0x000001f481ccb3c0
 Prev Bits: [0x000001f495c30000, 0x000001f499b90000)
 Next Bits: [0x000001f499b90000, 0x000001f49daf0000)

GC Heap History (0 events):
No events

Dll operation events (1 events):
Event: 0.023 Loaded shared library E:\development\Android\Studio20241\jbr\bin\java.dll

Deoptimization events (0 events):
No events

Classes unloaded (0 events):
No events

Classes redefined (0 events):
No events

Internal exceptions (0 events):
No events

VM Operations (0 events):
No events

Events (0 events):
No events


Dynamic libraries:
0x00007ff7afe50000 - 0x00007ff7afe5a000 	E:\development\Android\Studio20241\jbr\bin\java.exe
0x00007ffd39ff0000 - 0x00007ffd3a207000 	C:\WINDOWS\SYSTEM32\ntdll.dll
0x00007ffd39070000 - 0x00007ffd39134000 	C:\WINDOWS\System32\KERNEL32.DLL
0x00007ffd37680000 - 0x00007ffd37a53000 	C:\WINDOWS\System32\KERNELBASE.dll
0x00007ffd37360000 - 0x00007ffd37471000 	C:\WINDOWS\System32\ucrtbase.dll
0x00007ffd1d340000 - 0x00007ffd1d357000 	E:\development\Android\Studio20241\jbr\bin\jli.dll
0x00007ffd1e880000 - 0x00007ffd1e89b000 	E:\development\Android\Studio20241\jbr\bin\VCRUNTIME140.dll
0x00007ffd38300000 - 0x00007ffd384b1000 	C:\WINDOWS\System32\USER32.dll
0x00007ffd37650000 - 0x00007ffd37676000 	C:\WINDOWS\System32\win32u.dll
0x00007ffd1e540000 - 0x00007ffd1e7d8000 	C:\WINDOWS\WinSxS\amd64_microsoft.windows.common-controls_6595b64144ccf1df_6.0.22621.5124_none_270e8f4f7386d69d\COMCTL32.dll
0x00007ffd38000000 - 0x00007ffd38029000 	C:\WINDOWS\System32\GDI32.dll
0x00007ffd37f00000 - 0x00007ffd37fa7000 	C:\WINDOWS\System32\msvcrt.dll
0x00007ffd37530000 - 0x00007ffd3764b000 	C:\WINDOWS\System32\gdi32full.dll
0x00007ffd37180000 - 0x00007ffd3721a000 	C:\WINDOWS\System32\msvcp_win.dll
0x00007ffd39030000 - 0x00007ffd39061000 	C:\WINDOWS\System32\IMM32.DLL
0x00007ffd31350000 - 0x00007ffd3135c000 	E:\development\Android\Studio20241\jbr\bin\vcruntime140_1.dll
0x00007ffd0e4e0000 - 0x00007ffd0e56d000 	E:\development\Android\Studio20241\jbr\bin\msvcp140.dll
0x00007ffcc7cd0000 - 0x00007ffcc8953000 	E:\development\Android\Studio20241\jbr\bin\server\jvm.dll
0x00007ffd37e40000 - 0x00007ffd37ef1000 	C:\WINDOWS\System32\ADVAPI32.dll
0x00007ffd39150000 - 0x00007ffd391f8000 	C:\WINDOWS\System32\sechost.dll
0x00007ffd37480000 - 0x00007ffd374a8000 	C:\WINDOWS\System32\bcrypt.dll
0x00007ffd37d20000 - 0x00007ffd37e34000 	C:\WINDOWS\System32\RPCRT4.dll
0x00007ffd35f40000 - 0x00007ffd35f8d000 	C:\WINDOWS\SYSTEM32\POWRPROF.dll
0x00007ffd2c540000 - 0x00007ffd2c549000 	C:\WINDOWS\SYSTEM32\WSOCK32.dll
0x00007ffd381e0000 - 0x00007ffd38251000 	C:\WINDOWS\System32\WS2_32.dll
0x00007ffd34f60000 - 0x00007ffd34f94000 	C:\WINDOWS\SYSTEM32\WINMM.dll
0x00007ffd2d0f0000 - 0x00007ffd2d0fa000 	C:\WINDOWS\SYSTEM32\VERSION.dll
0x00007ffd35f20000 - 0x00007ffd35f33000 	C:\WINDOWS\SYSTEM32\UMPDC.dll
0x00007ffd361e0000 - 0x00007ffd361f8000 	C:\WINDOWS\SYSTEM32\kernel.appcore.dll
0x00007ffd2c4b0000 - 0x00007ffd2c4ba000 	E:\development\Android\Studio20241\jbr\bin\jimage.dll
0x00007ffd34840000 - 0x00007ffd34a72000 	C:\WINDOWS\SYSTEM32\DBGHELP.DLL
0x00007ffd384c0000 - 0x00007ffd38852000 	C:\WINDOWS\System32\combase.dll
0x00007ffd38f50000 - 0x00007ffd39027000 	C:\WINDOWS\System32\OLEAUT32.dll
0x00007ffcff6d0000 - 0x00007ffcff702000 	C:\WINDOWS\SYSTEM32\dbgcore.DLL
0x00007ffd374b0000 - 0x00007ffd3752b000 	C:\WINDOWS\System32\bcryptPrimitives.dll
0x00007ffd2add0000 - 0x00007ffd2adf5000 	E:\development\Android\Studio20241\jbr\bin\java.dll

dbghelp: loaded successfully - version: 4.0.5 - missing functions: none
symbol engine: initialized successfully - sym options: 0x614 - pdb path: .;E:\development\Android\Studio20241\jbr\bin;C:\WINDOWS\SYSTEM32;C:\WINDOWS\WinSxS\amd64_microsoft.windows.common-controls_6595b64144ccf1df_6.0.22621.5124_none_270e8f4f7386d69d;E:\development\Android\Studio20241\jbr\bin\server

VM Arguments:
java_command: org.jetbrains.kotlin.cli.jvm.K2JVMCompiler @E:\Android_tiange\cameraXapp\app\build\20250430_17422001716176459373.compiler.options
java_class_path (initial): E:\development\Android\gradle\caches\modules-2\files-2.1\org.jetbrains.kotlin\kotlin-compiler-embeddable\1.9.0\2c8c3a7402becca891f12739b3e9fd2dc2adbd7a\kotlin-compiler-embeddable-1.9.0.jar;E:\development\Android\gradle\caches\modules-2\files-2.1\org.jetbrains.kotlin\kotlin-stdlib\1.9.0\8ee15ef0c67dc83d874f412d84378d7f0eb50b63\kotlin-stdlib-1.9.0.jar;E:\development\Android\gradle\caches\modules-2\files-2.1\org.jetbrains.kotlin\kotlin-script-runtime\1.9.0\4b3102cbbb7e1b58d9d1adf89563f00069ffa7d1\kotlin-script-runtime-1.9.0.jar;E:\development\Android\gradle\caches\modules-2\files-2.1\org.jetbrains.kotlin\kotlin-reflect\1.6.10\1cbe9c92c12a94eea200d23c2bbaedaf3daf5132\kotlin-reflect-1.6.10.jar;E:\development\Android\gradle\caches\modules-2\files-2.1\org.jetbrains.kotlin\kotlin-daemon-embeddable\1.9.0\186543f5e28cf8d9a0290fecc2cf34301c40a65c\kotlin-daemon-embeddable-1.9.0.jar;E:\development\Android\gradle\caches\modules-2\files-2.1\org.jetbrains.intellij.deps\trove4j\1.0.20200330\3afb14d5f9ceb459d724e907a21145e8ff394f02\trove4j-1.0.20200330.jar;E:\development\Android\gradle\caches\modules-2\files-2.1\org.jetbrains.kotlin\kotlin-stdlib-common\1.9.0\cd65c21cfd1eec4d44ef09f9f52b6d9f8a720636\kotlin-stdlib-common-1.9.0.jar;E:\development\Android\gradle\caches\modules-2\files-2.1\org.jetbrains\annotations\13.0\919f0dfe192fb4e063e7dacadee7f8bb9a2672a9\annotations-13.0.jar
Launcher Type: SUN_STANDARD

[Global flags]
     intx CICompilerCount                          = 4                                         {product} {ergonomic}
     uint ConcGCThreads                            = 2                                         {product} {ergonomic}
     uint G1ConcRefinementThreads                  = 8                                         {product} {ergonomic}
   size_t G1HeapRegionSize                         = 2097152                                   {product} {ergonomic}
    uintx GCDrainStackTargetSize                   = 64                                        {product} {ergonomic}
   size_t InitialHeapSize                          = 266338304                                 {product} {ergonomic}
   size_t MarkStackSize                            = 4194304                                   {product} {ergonomic}
   size_t MaxHeapSize                              = 4253024256                                {product} {ergonomic}
   size_t MinHeapDeltaBytes                        = 2097152                                   {product} {ergonomic}
   size_t MinHeapSize                              = 8388608                                   {product} {ergonomic}
    uintx NonNMethodCodeHeapSize                   = 5839372                                {pd product} {ergonomic}
    uintx NonProfiledCodeHeapSize                  = 122909434                              {pd product} {ergonomic}
    uintx ProfiledCodeHeapSize                     = 122909434                              {pd product} {ergonomic}
    uintx ReservedCodeCacheSize                    = 251658240                              {pd product} {ergonomic}
     bool SegmentedCodeCache                       = true                                      {product} {ergonomic}
   size_t SoftMaxHeapSize                          = 4253024256                             {manageable} {ergonomic}
     bool UseCompressedClassPointers               = true                           {product lp64_product} {ergonomic}
     bool UseCompressedOops                        = true                           {product lp64_product} {ergonomic}
     bool UseG1GC                                  = true                                      {product} {ergonomic}
     bool UseLargePagesIndividualAllocation        = false                                  {pd product} {ergonomic}

Logging:
Log output configuration:
 #0: stdout all=warning uptime,level,tags
 #1: stderr all=off uptime,level,tags

Environment Variables:
JAVA_HOME=E:\Jdk
CLASSPATH=E:\apache-jmeter-5.6.3\apache-jmeter-5.6.3\lib\ext\ApacheJMeter_core.jar;E:\apache-jmeter-5.6.3\apache-jmeter-5.6.3\lib\jorphan.jar;E:\apache-jmeter-5.6.3\apache-jmeter-5.6.3\lib/logkit-2.0.jar;
PATH=E:\software\Git\usr\bin;C:\Python312\Scripts\;E:\Jdk\bin;E:\Jdk\jre\bin;E:\Maven\apache-maven-3.6.3\bin;C:\Program Files (x86)\Common Files\Oracle\Java\javapath;c:\Users\ls\AppData\Local\Programs\cursor\resources\app\bin;E:\development\Android\sdk\emulator;E:\development\Android\sdk\platform-tools;C:\Python312\;D:\Anaconda3;D:\dragonwell-8.12.13\bin;D:\dragonwell-8.12.13\jre\bin;D:\Anaconda3\Library\mingw-w64\bin;D:\Anaconda3\Library\usr\bin;D:\Anaconda3\Library\bin;D:\Anaconda3\Scripts;C:\Windows\system32;C:\Windows;C:\Windows\System32\Wbem;C:\Windows\System32\WindowsPowerShell\v1.0\;C:\Windows\System32\OpenSSH\;C:\Program Files (x86)\NVIDIA Corporation\PhysX\Common;C:\WINDOWS\system32;C:\WINDOWS;C:\WINDOWS\System32\Wbem;C:\WINDOWS\System32\WindowsPowerShell\v1.0\;D:\MySQL\MySQL Sever 8.0\bin;D:\program\MinGW\bin;C:\WINDOWS\system32;C:\WINDOWS;C:\WINDOWS\System32\Wbem;C:\WINDOWS\System32\WindowsPowerShell\v1.0\;C:\WINDOWS\System32\OpenSSH\;D:\SQL\Client SDK\ODBC\170\Tools;C:\Program Files (x86)\sqlite-dll-win-x86-3460100;E:\development\Android\sdk\platform-tools;E:\software\Git\cmd;E:\MikTex\miktex\bin\x64\;E:\developer\;E:\Microsoft SQL Server\function\160\Tools\Binn\;E:\Microsoft SQL Server\share\160\Tools\Binn\;E:\Microsoft SQL Server\share\Client SDK\ODBC\170\Tools\Binn\;E:\Microsoft SQL Server\share\160\DTS\Binn\;C:\Program Files\Azure Data Studio\bin;C:\Program Files (x86)\Microsoft SQL Server\160\DTS\Binn\;E:\software\Git\usr\bin;D:\dev\Scripts\;D:\dev\;C:\Users\ls\AppData\Local\Programs\Python\Python310\Scripts\;C:\Users\ls\AppData\Local\Programs\Python\Python310\;C:\Users\ls\AppData\Local\Microsoft\WindowsApps;D:\pycm\PyCharm 2022.2.1\bin;;C:\Users\ls\AppData\Local\Programs\Microsoft VS Code\bin;d:\IntelliJ IDEA 2021.3.2\bin;;C:\Program Files\Azure Data Studio\bin;D:\program\MinGW\bin;C:\Users\ls\AppData\Roaming\npm;E:\MySQL8\MySQL Server 8.0\bin;C:\Program Files\Azure Data Studio\bin;D:\hadoop\hadoop-3.3.4\bin;
USERNAME=ls
OS=Windows_NT
PROCESSOR_IDENTIFIER=Intel64 Family 6 Model 142 Stepping 12, GenuineIntel
TMP=C:\Users\ls\AppData\Local\Temp
TEMP=C:\Users\ls\AppData\Local\Temp



Periodic native trim disabled

JNI global refs:
JNI global refs: 0, weak refs: 0

JNI global refs memory usage: 0, weak refs: 0

OOME stack traces (most recent first):
Classloader memory used:


---------------  S Y S T E M  ---------------

OS:
 Windows 11 , 64 bit Build 22621 (10.0.22621.5124)
OS uptime: 6 days 22:08 hours
Hyper-V role detected

CPU: total 8 (initial active 8) (4 cores per cpu, 2 threads per core) family 6 model 142 stepping 12 microcode 0xde, cx8, cmov, fxsr, ht, mmx, 3dnowpref, sse, sse2, sse3, ssse3, sse4.1, sse4.2, popcnt, lzcnt, tsc, tscinvbit, avx, avx2, aes, erms, clmul, bmi1, bmi2, adx, fma, vzeroupper, clflush, clflushopt, hv
Processor Information for processor 0
  Max Mhz: 2112, Current Mhz: 2112, Mhz Limit: 1605
Processor Information for processor 1
  Max Mhz: 2112, Current Mhz: 1508, Mhz Limit: 1605
Processor Information for processor 2
  Max Mhz: 2112, Current Mhz: 2112, Mhz Limit: 1605
Processor Information for processor 3
  Max Mhz: 2112, Current Mhz: 1508, Mhz Limit: 1605
Processor Information for processor 4
  Max Mhz: 2112, Current Mhz: 2112, Mhz Limit: 1605
Processor Information for processor 5
  Max Mhz: 2112, Current Mhz: 2112, Mhz Limit: 1605
Processor Information for processor 6
  Max Mhz: 2112, Current Mhz: 2112, Mhz Limit: 1605
Processor Information for processor 7
  Max Mhz: 2112, Current Mhz: 2112, Mhz Limit: 1605

Memory: 4k page, system-wide physical 16217M (511M free)
TotalPageFile size 34346M (AvailPageFile size 108M)
current process WorkingSet (physical memory assigned to process): 11M, peak: 11M
current process commit charge ("private bytes"): 60M, peak: 314M

vm_info: OpenJDK 64-Bit Server VM (17.0.10+0--11609105) for windows-amd64 JRE (17.0.10+0--11609105), built on Mar 21 2024 19:10:56 by "androidbuild" with MS VC++ 16.10 / 16.11 (VS2019)

END.
